0 info it worked if it ends with ok
1 verbose cli [ '/usr/local/bin/node', '/usr/local/bin/npm', 'start' ]
2 info using npm@3.10.10
3 info using node@v6.9.3
4 verbose run-script [ 'prestart', 'start', 'poststart' ]
5 info lifecycle TEMPLATE@0.0.1~prestart: TEMPLATE@0.0.1
6 silly lifecycle TEMPLATE@0.0.1~prestart: no script for prestart, continuing
7 info lifecycle TEMPLATE@0.0.1~start: TEMPLATE@0.0.1
8 verbose lifecycle TEMPLATE@0.0.1~start: unsafe-perm in lifecycle true
9 verbose lifecycle TEMPLATE@0.0.1~start: PATH: /usr/local/lib/node_modules/npm/bin/node-gyp-bin:/Users/Ryan/Documents/Development/Education/react/template/node_modules/.bin:/usr/local/bin:/usr/bin:/bin:/usr/sbin:/sbin:/opt/X11/bin:/Users/Ryan/.rvm/gems/ruby-1.9.3-p194/bin:/Users/Ryan/.rvm/gems/ruby-1.9.3-p194@global/bin:/Users/Ryan/.rvm/rubies/ruby-1.9.3-p194/bin:/Users/Ryan/.rvm/bin:/usr/local/mysql/bin:/usr/local/sbin:/opt/local/bin:/usr/local/var:/usr/local/git/bin:/Users/Ryan/.rvm/gems/ruby-1.9.3-p194/bin:/Users/Ryan/.rvm/gems/ruby-1.9.3-p194@global/bin:/Users/Ryan/.rvm/rubies/ruby-1.9.3-p194/bin:/Users/Ryan/.rvm/bin:/usr/local/bin:/usr/local/mysql/bin:/usr/local/sbin:/opt/local/bin:/usr/bin:/bin:/usr/sbin:/sbin:/usr/local/bin:/Users/Ryan/.rvm/bin:/usr/local/bin:/usr/local/var:/usr/local/sbin:/usr/local/mysql/bin:/usr/local/git/bin:/Users/Ryan/.rvm/bin
10 verbose lifecycle TEMPLATE@0.0.1~start: CWD: /Users/Ryan/Documents/Development/Education/react/template
11 silly lifecycle TEMPLATE@0.0.1~start: Args: [ '-c',
11 silly lifecycle   'check-node-version --node $(cat .nvmrc) --npm 5.0.3 && concurrently --kill-others "npm run server" "npm run webpack-dev-server"' ]
12 info lifecycle TEMPLATE@0.0.1~start: Failed to exec start script
13 verbose stack Error: TEMPLATE@0.0.1 start: `check-node-version --node $(cat .nvmrc) --npm 5.0.3 && concurrently --kill-others "npm run server" "npm run webpack-dev-server"`
13 verbose stack spawn ENOENT
13 verbose stack     at ChildProcess.<anonymous> (/usr/local/lib/node_modules/npm/lib/utils/spawn.js:33:16)
13 verbose stack     at emitTwo (events.js:106:13)
13 verbose stack     at ChildProcess.emit (events.js:191:7)
13 verbose stack     at maybeClose (internal/child_process.js:877:16)
13 verbose stack     at Process.ChildProcess._handle.onexit (internal/child_process.js:226:5)
14 verbose pkgid TEMPLATE@0.0.1
15 verbose cwd /Users/Ryan/Documents/Development/Education/react/template
16 error Darwin 16.7.0
17 error argv "/usr/local/bin/node" "/usr/local/bin/npm" "start"
18 error node v6.9.3
19 error npm  v3.10.10
20 error file sh
21 error code ELIFECYCLE
22 error errno ENOENT
23 error syscall spawn
24 error TEMPLATE@0.0.1 start: `check-node-version --node $(cat .nvmrc) --npm 5.0.3 && concurrently --kill-others "npm run server" "npm run webpack-dev-server"`
24 error spawn ENOENT
25 error Failed at the TEMPLATE@0.0.1 start script 'check-node-version --node $(cat .nvmrc) --npm 5.0.3 && concurrently --kill-others "npm run server" "npm run webpack-dev-server"'.
25 error Make sure you have the latest version of node.js and npm installed.
25 error If you do, this is most likely a problem with the TEMPLATE package,
25 error not with npm itself.
25 error Tell the author that this fails on your system:
25 error     check-node-version --node $(cat .nvmrc) --npm 5.0.3 && concurrently --kill-others "npm run server" "npm run webpack-dev-server"
25 error You can get information on how to open an issue for this project with:
25 error     npm bugs TEMPLATE
25 error Or if that isn't available, you can get their info via:
25 error     npm owner ls TEMPLATE
25 error There is likely additional logging output above.
26 verbose exit [ 1, true ]
